0 info it worked if it ends with ok
1 verbose cli [ 'C:\\Program Files\\nodejs\\node.exe',
1 verbose cli   'C:\\Program Files\\nodejs\\node_modules\\npm\\bin\\npm-cli.js',
1 verbose cli   'run',
1 verbose cli   'cover' ]
2 info using npm@3.6.0
3 info using node@v5.6.0
4 verbose run-script [ 'precover', 'cover', 'postcover' ]
5 info lifecycle complete-intro-to-react@1.0.0~precover: complete-intro-to-react@1.0.0
6 silly lifecycle complete-intro-to-react@1.0.0~precover: no script for precover, continuing
7 info lifecycle complete-intro-to-react@1.0.0~cover: complete-intro-to-react@1.0.0
8 verbose lifecycle complete-intro-to-react@1.0.0~cover: unsafe-perm in lifecycle true
9 verbose lifecycle complete-intro-to-react@1.0.0~cover: PATH: C:\Program Files\nodejs\node_modules\npm\bin\node-gyp-bin;C:\Users\ChiralAlchemist\.babun\cygwin\home\ChiralAlchemist\Projects\complete-intro-to-react\node_modules\.bin;C:\Users\ChiralAlchemist\.babun\cygwin\home\ChiralAlchemist\.local\bin;C:\Users\ChiralAlchemist\.babun\cygwin\usr\local\bin;C:\Users\ChiralAlchemist\.babun\cygwin\home\ChiralAlchemist\.local\bin;C:\Users\ChiralAlchemist\.babun\cygwin\usr\local\bin;C:\Users\ChiralAlchemist\.babun\cygwin\bin;C:\Program Files (x86)\NVIDIA Corporation\PhysX\Common;C:\Windows\system32;C:\Windows;C:\Windows\System32\Wbem;C:\Windows\System32\WindowsPowerShell\v1.0;C:\Users\ChiralAlchemist\AppData\Local\Smartbar\Application;C:\Program Files (x86)\ATI Technologies\ATI.ACE\Core-Static;C:\Program Files (x86)\Microsoft SQL Server\100\Tools\Binn;C:\Program Files\Microsoft SQL Server\100\Tools\Binn;C:\Program Files\Microsoft SQL Server\100\DTS\Binn;C:\WINDOWS\system32;C:\WINDOWS;C:\WINDOWS\System32\Wbem;C:\WINDOWS\System32\WindowsPowerShell\v1.0;C:\Program Files\TortoiseGit\bin;C:\Program Files (x86)\Skype\Phone;C:\Program Files\nodejs;C:\Program Files (x86)\Heroku\bin;C:\Ruby22-x64\bin;C:\wamp\bin\mysql\mysql5.6.17\bin;C:\Users\ChiralAlchemist\AppData\Roaming\npm;C:\Users\ChiralAlchemist\AppData\Local\atom\bin;C:\Program Files\Docker Toolbox;C:\Users\ChiralAlchemist\.babun;C:\Users\ChiralAlchemist\AppData\Local\Microsoft\WindowsApps
10 verbose lifecycle complete-intro-to-react@1.0.0~cover: CWD: C:\Users\ChiralAlchemist\.babun\cygwin\home\ChiralAlchemist\Projects\complete-intro-to-react
11 silly lifecycle complete-intro-to-react@1.0.0~cover: Args: [ '/d /s /c',
11 silly lifecycle   'nyc --reporter=lcov --reporter=text --reporter=html --require babel-register --extension .jsx npm test' ]
12 silly lifecycle complete-intro-to-react@1.0.0~cover: Returned: code: 1  signal: null
13 info lifecycle complete-intro-to-react@1.0.0~cover: Failed to exec cover script
14 verbose stack Error: complete-intro-to-react@1.0.0 cover: `nyc --reporter=lcov --reporter=text --reporter=html --require babel-register --extension .jsx npm test`
14 verbose stack Exit status 1
14 verbose stack     at EventEmitter.<anonymous> (C:\Program Files\nodejs\node_modules\npm\lib\utils\lifecycle.js:232:16)
14 verbose stack     at emitTwo (events.js:100:13)
14 verbose stack     at EventEmitter.emit (events.js:185:7)
14 verbose stack     at ChildProcess.<anonymous> (C:\Program Files\nodejs\node_modules\npm\lib\utils\spawn.js:24:14)
14 verbose stack     at emitTwo (events.js:100:13)
14 verbose stack     at ChildProcess.emit (events.js:185:7)
14 verbose stack     at maybeClose (internal/child_process.js:827:16)
14 verbose stack     at Process.ChildProcess._handle.onexit (internal/child_process.js:211:5)
15 verbose pkgid complete-intro-to-react@1.0.0
16 verbose cwd C:\Users\ChiralAlchemist\.babun\cygwin\home\ChiralAlchemist\Projects\complete-intro-to-react
17 error Windows_NT 10.0.14393
18 error argv "C:\\Program Files\\nodejs\\node.exe" "C:\\Program Files\\nodejs\\node_modules\\npm\\bin\\npm-cli.js" "run" "cover"
19 error node v5.6.0
20 error npm  v3.6.0
21 error code ELIFECYCLE
22 error complete-intro-to-react@1.0.0 cover: `nyc --reporter=lcov --reporter=text --reporter=html --require babel-register --extension .jsx npm test`
22 error Exit status 1
23 error Failed at the complete-intro-to-react@1.0.0 cover script 'nyc --reporter=lcov --reporter=text --reporter=html --require babel-register --extension .jsx npm test'.
23 error Make sure you have the latest version of node.js and npm installed.
23 error If you do, this is most likely a problem with the complete-intro-to-react package,
23 error not with npm itself.
23 error Tell the author that this fails on your system:
23 error     nyc --reporter=lcov --reporter=text --reporter=html --require babel-register --extension .jsx npm test
23 error You can get information on how to open an issue for this project with:
23 error     npm bugs complete-intro-to-react
23 error Or if that isn't available, you can get their info via:
23 error     npm owner ls complete-intro-to-react
23 error There is likely additional logging output above.
24 verbose exit [ 1, true ]
